<?xml version="1.0" encoding="UTF-8"?>
<!-- Generated by org.testng.reporters.JUnitXMLReporter -->
<testsuite ignored="0" hostname="Emmanuels-MacBook-Pro.local" failures="0" tests="6" name="Surefire test" time="51.819" errors="0" timestamp="2024-10-16T00:30:14 EDT">
  <testcase classname="io.cucumber.testng.AbstractTestNGCucumberTests" name="runScenario" time="7.237"/>
  <testcase classname="MannyCoTest.Tests.SubmitOrderTests" name="submitOrder" time="4.853"/>
  <testcase classname="MannyCoTest.Tests.SubmitOrderTests" name="submitOrder" time="4.799"/>
  <testcase classname="MannyCoTest.Tests.SubmitOrderTests" name="OrderHistoryValidation" time="1.428"/>
  <testcase classname="MannyCoTest.Tests.ErrorTest" name="lognErrorValid" time="0.831"/>
  <testcase classname="MannyCoTest.Tests.ErrorTest" name="productErrorValid" time="3.509"/>
</testsuite> <!-- Surefire test -->
