<?xml version="1.0" encoding="UTF-8"?>
<!-- Generated by org.testng.reporters.JUnitXMLReporter -->
<testsuite ignored="2" hostname="Emmanuels-MacBook-Pro.local" failures="0" tests="0" time="0.001" errors="0" timestamp="2024-10-17T17:34:43 EDT">
  <testcase classname="MannyCoTest.Tests.ErrorTest" name="productErrorValid" time="0.0">
    <ignored/>
  </testcase> <!-- productErrorValid -->
  <testcase classname="MannyCoTest.Tests.ErrorTest" name="lognErrorValid" time="0.0">
    <ignored/>
  </testcase> <!-- lognErrorValid -->
</testsuite>
