<?xml version="1.0" encoding="UTF-8"?>
<!-- Generated by org.testng.reporters.JUnitXMLReporter -->
<testsuite ignored="1" hostname="Emmanuels-MacBook-Pro.local" failures="0" tests="2" name="Submit Order Test" time="25.324" errors="0" timestamp="2024-10-17T17:34:43 EDT">
  <testcase classname="MannyCoTest.Tests.SubmitOrderTests" name="submitOrder" time="4.955"/>
  <testcase classname="MannyCoTest.Tests.SubmitOrderTests" name="submitOrder" time="4.948"/>
  <testcase classname="MannyCoTest.Tests.SubmitOrderTests" name="OrderHistoryValidation" time="0.0">
    <ignored/>
  </testcase> <!-- OrderHistoryValidation -->
</testsuite> <!-- Submit Order Test -->
