<?xml version="1.0" encoding="UTF-8"?>
<testng-results ignored="0" total="6" passed="6" failed="0" skipped="0">
  <reporter-output>
  </reporter-output>
  <suite started-at="2024-10-16T00:29:23 EDT" name="Surefire suite" finished-at="2024-10-16T00:30:14 EDT" duration-ms="51819">
    <groups>
      <group name="Purchase">
        <method signature="SubmitOrderTests.submitOrder(java.util.HashMap)[pri:0, instance:MannyCoTest.Tests.SubmitOrderTests@23f7d05d]" name="submitOrder" class="MannyCoTest.Tests.SubmitOrderTests"/>
      </group> <!-- Purchase -->
      <group name="ErrorHandling">
        <method signature="ErrorTest.lognErrorValid()[pri:0, instance:MannyCoTest.Tests.ErrorTest@1e730495]" name="lognErrorValid" class="MannyCoTest.Tests.ErrorTest"/>
      </group> <!-- ErrorHandling -->
      <group name="cucumber">
        <method signature="AbstractTestNGCucumberTests.runScenario(io.cucumber.testng.PickleWrapper,io.cucumber.testng.FeatureWrapper)[pri:0, instance:MannyCoTests.cucumberTests.TestNGTestRunner@197d671]" name="runScenario" class="io.cucumber.testng.AbstractTestNGCucumberTests"/>
      </group> <!-- cucumber -->
    </groups>
    <test started-at="2024-10-16T00:29:23 EDT" name="Surefire test" finished-at="2024-10-16T00:30:14 EDT" duration-ms="51819">
      <class name="MannyCoTest.Tests.ErrorTest">
        <test-method is-config="true" signature="launchApp()[pri:0, instance:MannyCoTest.Tests.ErrorTest@1e730495]" started-at="2024-10-16T00:29:58 EDT" name="launchApp" finished-at="2024-10-16T00:30:04 EDT" duration-ms="5615" status="PASS">
          <reporter-output>
          </reporter-output>
        </test-method> <!-- launchApp -->
        <test-method signature="lognErrorValid()[pri:0, instance:MannyCoTest.Tests.ErrorTest@1e730495]" started-at="2024-10-16T00:30:04 EDT" name="lognErrorValid" finished-at="2024-10-16T00:30:05 EDT" duration-ms="831" status="PASS">
          <reporter-output>
          </reporter-output>
        </test-method> <!-- lognErrorValid -->
        <test-method is-config="true" signature="exit()[pri:0, instance:MannyCoTest.Tests.ErrorTest@1e730495]" started-at="2024-10-16T00:30:05 EDT" name="exit" finished-at="2024-10-16T00:30:05 EDT" duration-ms="319" status="PASS">
          <reporter-output>
          </reporter-output>
        </test-method> <!-- exit -->
        <test-method is-config="true" signature="launchApp()[pri:0, instance:MannyCoTest.Tests.ErrorTest@1e730495]" started-at="2024-10-16T00:30:05 EDT" name="launchApp" finished-at="2024-10-16T00:30:11 EDT" duration-ms="5565" status="PASS">
          <reporter-output>
          </reporter-output>
        </test-method> <!-- launchApp -->
        <test-method signature="productErrorValid()[pri:0, instance:MannyCoTest.Tests.ErrorTest@1e730495]" started-at="2024-10-16T00:30:11 EDT" name="productErrorValid" finished-at="2024-10-16T00:30:14 EDT" duration-ms="3509" status="PASS">
          <reporter-output>
          </reporter-output>
        </test-method> <!-- productErrorValid -->
        <test-method is-config="true" signature="exit()[pri:0, instance:MannyCoTest.Tests.ErrorTest@1e730495]" started-at="2024-10-16T00:30:14 EDT" name="exit" finished-at="2024-10-16T00:30:14 EDT" duration-ms="295" status="PASS">
          <reporter-output>
          </reporter-output>
        </test-method> <!-- exit -->
      </class> <!-- MannyCoTest.Tests.ErrorTest -->
      <class name="MannyCoTests.cucumberTests.TestNGTestRunner">
        <test-method is-config="true" signature="setUpClass(org.testng.ITestContext)[pri:0, instance:MannyCoTests.cucumberTests.TestNGTestRunner@197d671]" started-at="2024-10-16T00:29:23 EDT" name="setUpClass" finished-at="2024-10-16T00:29:23 EDT" duration-ms="503" status="PASS">
          <params>
            <param index="0">
              <value>
                <![CDATA[org.testng.TestRunner@236eccd1]]>
              </value>
            </param>
          </params>
          <reporter-output>
          </reporter-output>
        </test-method> <!-- setUpClass -->
        <test-method signature="runScenario(io.cucumber.testng.PickleWrapper,io.cucumber.testng.FeatureWrapper)[pri:0, instance:MannyCoTests.cucumberTests.TestNGTestRunner@197d671]" started-at="2024-10-16T00:29:23 EDT" name="runScenario" description="Runs Cucumber Scenarios" data-provider="scenarios" finished-at="2024-10-16T00:29:30 EDT" duration-ms="7237" status="PASS">
          <params>
            <param index="0">
              <value>
                <![CDATA["Positive test for negative results on login"]]>
              </value>
            </param>
            <param index="1">
              <value>
                <![CDATA["Verifying incorrect Email prompt"]]>
              </value>
            </param>
          </params>
          <reporter-output>
          </reporter-output>
        </test-method> <!-- runScenario -->
        <test-method is-config="true" signature="tearDownClass()[pri:0, instance:MannyCoTests.cucumberTests.TestNGTestRunner@197d671]" started-at="2024-10-16T00:29:30 EDT" name="tearDownClass" finished-at="2024-10-16T00:29:30 EDT" duration-ms="22" status="PASS">
          <reporter-output>
          </reporter-output>
        </test-method> <!-- tearDownClass -->
      </class> <!-- MannyCoTests.cucumberTests.TestNGTestRunner -->
      <class name="MannyCoTest.Tests.SubmitOrderTests">
        <test-method is-config="true" signature="launchApp()[pri:0, instance:MannyCoTest.Tests.SubmitOrderTests@23f7d05d]" started-at="2024-10-16T00:29:31 EDT" name="launchApp" finished-at="2024-10-16T00:29:36 EDT" duration-ms="5476" status="PASS">
          <reporter-output>
          </reporter-output>
        </test-method> <!-- launchApp -->
        <test-method signature="submitOrder(java.util.HashMap)[pri:0, instance:MannyCoTest.Tests.SubmitOrderTests@23f7d05d]" started-at="2024-10-16T00:29:36 EDT" name="submitOrder" data-provider="getData" finished-at="2024-10-16T00:29:41 EDT" duration-ms="4853" status="PASS">
          <params>
            <param index="0">
              <value>
                <![CDATA[{password=Emmanuel-12, product=ZARA COAT 3, email=moon.jax6@gmail.com}]]>
              </value>
            </param>
          </params>
          <reporter-output>
          </reporter-output>
        </test-method> <!-- submitOrder -->
        <test-method is-config="true" signature="exit()[pri:0, instance:MannyCoTest.Tests.SubmitOrderTests@23f7d05d]" started-at="2024-10-16T00:29:41 EDT" name="exit" finished-at="2024-10-16T00:29:41 EDT" duration-ms="248" status="PASS">
          <reporter-output>
          </reporter-output>
        </test-method> <!-- exit -->
        <test-method is-config="true" signature="launchApp()[pri:0, instance:MannyCoTest.Tests.SubmitOrderTests@23f7d05d]" started-at="2024-10-16T00:29:41 EDT" name="launchApp" finished-at="2024-10-16T00:29:46 EDT" duration-ms="5239" status="PASS">
          <reporter-output>
          </reporter-output>
        </test-method> <!-- launchApp -->
        <test-method signature="submitOrder(java.util.HashMap)[pri:0, instance:MannyCoTest.Tests.SubmitOrderTests@23f7d05d]" started-at="2024-10-16T00:29:46 EDT" name="submitOrder" data-provider="getData" finished-at="2024-10-16T00:29:51 EDT" duration-ms="4799" status="PASS">
          <params>
            <param index="0">
              <value>
                <![CDATA[{password=Emmanuel12, product=ADIDAS ORIGINAL, email=ssmanny1@hotmail.com}]]>
              </value>
            </param>
          </params>
          <reporter-output>
          </reporter-output>
        </test-method> <!-- submitOrder -->
        <test-method is-config="true" signature="exit()[pri:0, instance:MannyCoTest.Tests.SubmitOrderTests@23f7d05d]" started-at="2024-10-16T00:29:51 EDT" name="exit" finished-at="2024-10-16T00:29:51 EDT" duration-ms="293" status="PASS">
          <reporter-output>
          </reporter-output>
        </test-method> <!-- exit -->
        <test-method is-config="true" signature="launchApp()[pri:0, instance:MannyCoTest.Tests.SubmitOrderTests@23f7d05d]" started-at="2024-10-16T00:29:51 EDT" name="launchApp" finished-at="2024-10-16T00:29:56 EDT" duration-ms="5044" status="PASS">
          <reporter-output>
          </reporter-output>
        </test-method> <!-- launchApp -->
        <test-method signature="OrderHistoryValidation()[pri:0, instance:MannyCoTest.Tests.SubmitOrderTests@23f7d05d]" started-at="2024-10-16T00:29:56 EDT" name="OrderHistoryValidation" finished-at="2024-10-16T00:29:58 EDT" depends-on-methods="MannyCoTest.Tests.SubmitOrderTests.submitOrder" duration-ms="1428" status="PASS">
          <reporter-output>
          </reporter-output>
        </test-method> <!-- OrderHistoryValidation -->
        <test-method is-config="true" signature="exit()[pri:0, instance:MannyCoTest.Tests.SubmitOrderTests@23f7d05d]" started-at="2024-10-16T00:29:58 EDT" name="exit" finished-at="2024-10-16T00:29:58 EDT" duration-ms="274" status="PASS">
          <reporter-output>
          </reporter-output>
        </test-method> <!-- exit -->
      </class> <!-- MannyCoTest.Tests.SubmitOrderTests -->
    </test> <!-- Surefire test -->
  </suite> <!-- Surefire suite -->
</testng-results>
