<?xml version="1.0" encoding="UTF-8"?>
<testng-results ignored="0" total="2" passed="2" failed="0" skipped="0">
  <reporter-output>
  </reporter-output>
  <suite started-at="2024-10-17T17:34:17 EDT" name="Suite" finished-at="2024-10-17T17:34:43 EDT" duration-ms="25354">
    <groups>
      <group name="Purchase">
        <method signature="SubmitOrderTests.submitOrder(java.util.HashMap)[pri:0, instance:MannyCoTest.Tests.SubmitOrderTests@7f010382]" name="submitOrder" class="MannyCoTest.Tests.SubmitOrderTests"/>
      </group> <!-- Purchase -->
    </groups>
    <test started-at="2024-10-17T17:34:17 EDT" name="Submit Order Test" finished-at="2024-10-17T17:34:43 EDT" duration-ms="25324">
      <class name="MannyCoTest.Tests.SubmitOrderTests">
        <test-method is-config="true" signature="launchApp()[pri:0, instance:MannyCoTest.Tests.SubmitOrderTests@7f010382]" started-at="2024-10-17T17:34:18 EDT" name="launchApp" finished-at="2024-10-17T17:34:27 EDT" duration-ms="9075" status="PASS">
          <reporter-output>
          </reporter-output>
        </test-method> <!-- launchApp -->
        <test-method signature="submitOrder(java.util.HashMap)[pri:0, instance:MannyCoTest.Tests.SubmitOrderTests@7f010382]" started-at="2024-10-17T17:34:27 EDT" name="submitOrder" data-provider="getData" finished-at="2024-10-17T17:34:32 EDT" duration-ms="4955" status="PASS">
          <params>
            <param index="0">
              <value>
                <![CDATA[{password=Emmanuel-12, product=ZARA COAT 3, email=moon.jax6@gmail.com}]]>
              </value>
            </param>
          </params>
          <reporter-output>
          </reporter-output>
        </test-method> <!-- submitOrder -->
        <test-method is-config="true" signature="exit()[pri:0, instance:MannyCoTest.Tests.SubmitOrderTests@7f010382]" started-at="2024-10-17T17:34:32 EDT" name="exit" finished-at="2024-10-17T17:34:32 EDT" duration-ms="309" status="PASS">
          <reporter-output>
          </reporter-output>
        </test-method> <!-- exit -->
        <test-method is-config="true" signature="launchApp()[pri:0, instance:MannyCoTest.Tests.SubmitOrderTests@7f010382]" started-at="2024-10-17T17:34:32 EDT" name="launchApp" finished-at="2024-10-17T17:34:37 EDT" duration-ms="5514" status="PASS">
          <reporter-output>
          </reporter-output>
        </test-method> <!-- launchApp -->
        <test-method signature="submitOrder(java.util.HashMap)[pri:0, instance:MannyCoTest.Tests.SubmitOrderTests@7f010382]" started-at="2024-10-17T17:34:38 EDT" name="submitOrder" data-provider="getData" finished-at="2024-10-17T17:34:42 EDT" duration-ms="4948" status="PASS">
          <params>
            <param index="0">
              <value>
                <![CDATA[{password=Emmanuel12, product=ADIDAS ORIGINAL, email=ssmanny1@hotmail.com}]]>
              </value>
            </param>
          </params>
          <reporter-output>
          </reporter-output>
        </test-method> <!-- submitOrder -->
        <test-method is-config="true" signature="exit()[pri:0, instance:MannyCoTest.Tests.SubmitOrderTests@7f010382]" started-at="2024-10-17T17:34:42 EDT" name="exit" finished-at="2024-10-17T17:34:43 EDT" duration-ms="295" status="PASS">
          <reporter-output>
          </reporter-output>
        </test-method> <!-- exit -->
      </class> <!-- MannyCoTest.Tests.SubmitOrderTests -->
    </test> <!-- Submit Order Test -->
    <test started-at="2024-10-17T17:34:43 EDT" name="Error Tests" finished-at="2024-10-17T17:34:43 EDT" duration-ms="1">
    </test> <!-- Error Tests -->
  </suite> <!-- Suite -->
</testng-results>
