<?xml version="1.0" encoding="UTF-8"?>
<!-- Generated by org.testng.reporters.JUnitXMLReporter -->
<testsuite ignored="2" hostname="Emmanuels-MacBook-Pro.local" failures="0" tests="0" time="0.0" errors="0" timestamp="2024-10-14T21:11:22 EDT">
  <testcase classname="MannyCoTest.Tests.ErrorTest" name="lognErrorValid" time="0.0">
    <ignored/>
  </testcase> <!-- lognErrorValid -->
  <testcase classname="MannyCoTest.Tests.ErrorTest" name="productErrorValid" time="0.0">
    <ignored/>
  </testcase> <!-- productErrorValid -->
</testsuite>
