<?xml version="1.0" encoding="UTF-8"?>
<!-- Generated by org.testng.reporters.JUnitXMLReporter -->
<testsuite ignored="1" hostname="Emmanuels-MacBook-Pro.local" failures="0" tests="2" name="Submit Order Test" time="21.253" errors="0" timestamp="2024-10-14T21:11:22 EDT">
  <testcase classname="MannyCoTest.Tests.SubmitOrderTests" name="submitOrder" time="5.138"/>
  <testcase classname="MannyCoTest.Tests.SubmitOrderTests" name="submitOrder" time="4.967"/>
  <testcase classname="MannyCoTest.Tests.SubmitOrderTests" name="OrderHistoryValidation" time="0.0">
    <ignored/>
  </testcase> <!-- OrderHistoryValidation -->
</testsuite> <!-- Submit Order Test -->
